android/app/build/intermediates/manifest_merge_blame_file/debug/manifest-merger-blame-debug-report.txt
1<?xml version="1.0" encoding="utf-8"?>
2<manifest xmlns:android="http://schemas.android.com/apk/res/android"
3    package="com.gotogether"
4    android:versionCode="1"
5    android:versionName="1.0" >
6
7    <uses-sdk
8        android:minSdkVersion="21"
9        android:targetSdkVersion="30" />
10
11    <uses-permission android:name="android.permission.SYSTEM_ALERT_WINDOW" />
11-->src/debug/AndroidManifest.xml:5:5-77
11-->src/debug/AndroidManifest.xml:5:22-75
12    <uses-permission android:name="android.permission.INTERNET" />
12-->src/main/AndroidManifest.xml:4:5-67
12-->src/main/AndroidManifest.xml:4:22-64
13    <uses-permission android:name="android.permission.ACCESS_FINE_LOCATION" />
13-->src/main/AndroidManifest.xml:5:5-79
13-->src/main/AndroidManifest.xml:5:22-76
14    <uses-permission android:name="android.permission.ACCESS_WIFI_STATE" />
14-->[com.facebook.flipper:flipper:0.93.0] AndroidManifest.xml:16:5-76
14-->[com.facebook.flipper:flipper:0.93.0] AndroidManifest.xml:16:22-73
15    <uses-permission android:name="android.permission.ACCESS_COARSE_LOCATION" /> <!-- Include required permissions for Google Maps API to run. -->
15-->[:react-native-maps] AndroidManifest.xml:10:5-81
15-->[:react-native-maps] AndroidManifest.xml:10:22-78
16    <uses-permission android:name="android.permission.ACCESS_NETWORK_STATE" />
16-->[com.google.android.gms:play-services-maps:17.0.0] AndroidManifest.xml:23:5-79
16-->[com.google.android.gms:play-services-maps:17.0.0] AndroidManifest.xml:23:22-76
17
18    <uses-feature
18-->[com.google.android.gms:play-services-maps:17.0.0] AndroidManifest.xml:26:5-28:35
19        android:glEsVersion="0x00020000"
19-->[com.google.android.gms:play-services-maps:17.0.0] AndroidManifest.xml:27:9-41
20        android:required="true" />
20-->[com.google.android.gms:play-services-maps:17.0.0] AndroidManifest.xml:28:9-32
21
22    <application
22-->src/main/AndroidManifest.xml:7:5-30:19
23        android:name="com.gotogether.MainApplication"
23-->src/main/AndroidManifest.xml:8:7-38
24        android:allowBackup="false"
24-->src/main/AndroidManifest.xml:12:7-34
25        android:appComponentFactory="androidx.core.app.CoreComponentFactory"
25-->[androidx.core:core:1.6.0] AndroidManifest.xml:24:18-86
26        android:debuggable="true"
27        android:icon="@mipmap/ic_launcher"
27-->src/main/AndroidManifest.xml:10:7-41
28        android:label="@string/app_name"
28-->src/main/AndroidManifest.xml:9:7-39
29        android:roundIcon="@mipmap/ic_launcher_round"
29-->src/main/AndroidManifest.xml:11:7-52
30        android:theme="@style/AppTheme"
30-->src/main/AndroidManifest.xml:13:7-38
31        android:usesCleartextTraffic="true" >
31-->src/debug/AndroidManifest.xml:8:9-44
32        <activity android:name="com.facebook.react.devsupport.DevSettingsActivity" />
32-->src/debug/AndroidManifest.xml:11:9-86
32-->src/debug/AndroidManifest.xml:11:19-83
33        <activity
33-->src/main/AndroidManifest.xml:14:7-24:18
34            android:name="com.gotogether.MainActivity"
34-->src/main/AndroidManifest.xml:15:9-37
35            android:configChanges="keyboard|keyboardHidden|orientation|screenSize|uiMode"
35-->src/main/AndroidManifest.xml:17:9-86
36            android:label="@string/app_name"
36-->src/main/AndroidManifest.xml:16:9-41
37            android:launchMode="singleTask"
37-->src/main/AndroidManifest.xml:18:9-40
38            android:windowSoftInputMode="adjustResize" >
38-->src/main/AndroidManifest.xml:19:9-51
39            <intent-filter>
39-->src/main/AndroidManifest.xml:20:9-23:25
40                <action android:name="android.intent.action.MAIN" />
40-->src/main/AndroidManifest.xml:21:13-65
40-->src/main/AndroidManifest.xml:21:21-62
41
42                <category android:name="android.intent.category.LAUNCHER" />
42-->src/main/AndroidManifest.xml:22:13-73
42-->src/main/AndroidManifest.xml:22:23-70
43            </intent-filter>
44        </activity>
45
46        <meta-data
46-->src/main/AndroidManifest.xml:26:5-28:64
47            android:name="com.google.android.geo.API_KEY"
47-->src/main/AndroidManifest.xml:27:7-52
48            android:value="AIzaSyDhOk6mIZdKZyaqwvZ9vo_qmHrbicS4EEU" />
48-->src/main/AndroidManifest.xml:28:7-62
49        <meta-data
49-->[com.github.bumptech.glide:okhttp3-integration:4.11.0] AndroidManifest.xml:11:9-13:43
50            android:name="com.bumptech.glide.integration.okhttp3.OkHttpGlideModule"
50-->[com.github.bumptech.glide:okhttp3-integration:4.11.0] AndroidManifest.xml:12:13-84
51            android:value="GlideModule" /> <!-- Needs to be explicitly declared on P+ -->
51-->[com.github.bumptech.glide:okhttp3-integration:4.11.0] AndroidManifest.xml:13:13-40
52        <uses-library
52-->[com.google.android.gms:play-services-maps:17.0.0] AndroidManifest.xml:33:9-35:40
53            android:name="org.apache.http.legacy"
53-->[com.google.android.gms:play-services-maps:17.0.0] AndroidManifest.xml:34:13-50
54            android:required="false" />
54-->[com.google.android.gms:play-services-maps:17.0.0] AndroidManifest.xml:35:13-37
55
56        <activity
56-->[com.google.android.gms:play-services-base:17.0.0] AndroidManifest.xml:23:9-26:75
57            android:name="com.google.android.gms.common.api.GoogleApiActivity"
57-->[com.google.android.gms:play-services-base:17.0.0] AndroidManifest.xml:24:13-79
58            android:exported="false"
58-->[com.google.android.gms:play-services-base:17.0.0] AndroidManifest.xml:25:13-37
59            android:theme="@android:style/Theme.Translucent.NoTitleBar" />
59-->[com.google.android.gms:play-services-base:17.0.0] AndroidManifest.xml:26:13-72
60
61        <meta-data
61-->[com.google.android.gms:play-services-basement:17.0.0] AndroidManifest.xml:23:9-25:69
62            android:name="com.google.android.gms.version"
62-->[com.google.android.gms:play-services-basement:17.0.0] AndroidManifest.xml:24:13-58
63            android:value="@integer/google_play_services_version" />
63-->[com.google.android.gms:play-services-basement:17.0.0] AndroidManifest.xml:25:13-66
64    </application>
65
66</manifest>